
-----
Test: tests/test_authorisation.py::test_authorisation_valid_data (call)
Start time: 2023-07-19 21:39:50.142203
Start name method: authorisation

End time: 2023-07-19 21:40:08.052321
End name method: authorisation
URL: https://shop.tastycoffee.ru/

-----

-----
Test: tests/test_authorisation.py::test_registration (call)
Start time: 2023-07-19 21:40:20.815735
Start name method: registration

End time: 2023-07-19 21:40:36.848673
End name method: registration
URL: https://shop.tastycoffee.ru/create-account

-----

-----
Test: tests/test_authorisation.py::test_authorisation_invalid_data (call)
Start time: 2023-07-19 21:40:47.051739
Start name method: authorisation

End time: 2023-07-19 21:40:59.221705
End name method: authorisation
URL: https://shop.tastycoffee.ru/

-----
