
-----
Test: tests/test_authorisation.py::test_authorisation_valid_data (call)
Start time: 2023-07-19 21:37:12.606628
Start name method: authorisation

End time: 2023-07-19 21:37:29.501134
End name method: authorisation
URL: https://shop.tastycoffee.ru/

-----

-----
Test: tests/test_authorisation.py::test_registration (call)
Start time: 2023-07-19 21:37:42.563222
Start name method: registration

End time: 2023-07-19 21:37:59.744844
End name method: registration
URL: https://shop.tastycoffee.ru/create-account

-----

-----
Test: tests/test_authorisation.py::test_authorisation_invalid_data (call)
Start time: 2023-07-19 21:38:09.945278
Start name method: authorisation

End time: 2023-07-19 21:38:24.262302
End name method: authorisation
URL: https://shop.tastycoffee.ru/

-----
